{
  "stats": {
    "suites": 2,
    "tests": 5,
    "passes": 5,
    "pending": 0,
    "failures": 0,
    "start": "2021-06-04T20:46:18.353Z",
    "end": "2021-06-04T20:46:18.566Z",
    "duration": 213,
    "testsRegistered": 5,
    "passPercent": 100,
    "pendingPercent": 0,
    "other": 0,
    "hasOther": false,
    "skipped": 0,
    "hasSkipped": false
  },
  "results": [
    {
      "uuid": "2e17f07e-3ee0-4007-ac1b-b45d79f251d5",
      "title": "",
      "fullFile": "",
      "file": "",
      "beforeHooks": [],
      "afterHooks": [],
      "tests": [],
      "suites": [
        {
          "uuid": "6776df3f-a2fa-4c00-a68f-a540bf2a5079",
          "title": "User Group",
          "fullFile": "F:\\Apply\\Sensory Minds\\Lightweight Monitoring System\\tests\\mochaTests.js",
          "file": "\\mochaTests.js",
          "beforeHooks": [],
          "afterHooks": [],
          "tests": [
            {
              "title": "Should add a user group",
              "fullTitle": "User Group Should add a user group",
              "timedOut": false,
              "duration": 101,
              "state": "passed",
              "speed": "slow",
              "pass": true,
              "fail": false,
              "pending": false,
              "context": null,
              "code": "try {\n  let response = await axios.post(\n    serverUrl + '/userGroups',\n    {\n      \"name\": \"testUserGroupName\",\n      \"emails\": [\n        \"majid.yaghouti@gmail.com\"\n      ]\n    });\n  assert.deepEqual(response.data, {\n    \"message\": \"User group 'testUserGroupName' created.\"\n  });\n}\ncatch (e) {\n  throw new Error(e);\n}",
              "err": {},
              "uuid": "765a65d5-246b-4a25-af32-d12076a17a23",
              "parentUUID": "6776df3f-a2fa-4c00-a68f-a540bf2a5079",
              "isHook": false,
              "skipped": false
            },
            {
              "title": "Should get user groups",
              "fullTitle": "User Group Should get user groups",
              "timedOut": false,
              "duration": 15,
              "state": "passed",
              "speed": "fast",
              "pass": true,
              "fail": false,
              "pending": false,
              "context": null,
              "code": "try {\n  let response = await axios.get(serverUrl + '/userGroups');\n  assert.typeOf(response.data.groups, 'array');\n  response.data.groups.forEach(group => {\n    assert.hasAllKeys(group, [\n      'name', 'emails'\n    ]);\n  });\n}\ncatch (e) {\n  throw new Error(e);\n}",
              "err": {},
              "uuid": "8877620e-72d0-4f55-9ee0-3224f091c809",
              "parentUUID": "6776df3f-a2fa-4c00-a68f-a540bf2a5079",
              "isHook": false,
              "skipped": false
            }
          ],
          "suites": [],
          "passes": [
            "765a65d5-246b-4a25-af32-d12076a17a23",
            "8877620e-72d0-4f55-9ee0-3224f091c809"
          ],
          "failures": [],
          "pending": [],
          "skipped": [],
          "duration": 116,
          "root": false,
          "rootEmpty": false,
          "_timeout": 2000
        },
        {
          "uuid": "dbf72df2-fa5b-4f71-95e1-43a9837f7dd2",
          "title": "Tracker",
          "fullFile": "F:\\Apply\\Sensory Minds\\Lightweight Monitoring System\\tests\\mochaTests.js",
          "file": "\\mochaTests.js",
          "beforeHooks": [],
          "afterHooks": [],
          "tests": [
            {
              "title": "Should add a tracker",
              "fullTitle": "Tracker Should add a tracker",
              "timedOut": false,
              "duration": 26,
              "state": "passed",
              "speed": "fast",
              "pass": true,
              "fail": false,
              "pending": false,
              "context": null,
              "code": "try {\n  let response = await axios.post(\n    serverUrl + '/trackers',\n    {\n      \"url\": \"https://www.google.com\",\n      \"interval\": 20,\n      \"loadingTimeThreshold\": 300,\n      \"userGroups\": [\n        \"testUserGroupName\"\n      ]\n    });\n  assert.deepEqual(response.data, {\n    \"message\": \"Tracker for URL: 'https://www.google.com' created.\"\n  });\n}\ncatch (e) {\n  throw new Error(e);\n}",
              "err": {},
              "uuid": "d5dc3596-ea6d-419a-a962-61e05152a061",
              "parentUUID": "dbf72df2-fa5b-4f71-95e1-43a9837f7dd2",
              "isHook": false,
              "skipped": false
            },
            {
              "title": "Should get trackers",
              "fullTitle": "Tracker Should get trackers",
              "timedOut": false,
              "duration": 32,
              "state": "passed",
              "speed": "fast",
              "pass": true,
              "fail": false,
              "pending": false,
              "context": null,
              "code": "try {\n  let response = await axios.get(serverUrl + '/trackers');\n  assert.typeOf(response.data.trackers, 'array');\n  response.data.trackers.forEach(tracker => {\n    assert.hasAllKeys(tracker, [\n      'url', 'interval', 'loadingTimeThreshold', 'userGroups'\n    ]);\n  });\n}\ncatch (e) {\n  throw new Error(e);\n}",
              "err": {},
              "uuid": "dc8162fe-8b12-4245-bfa2-26e2c37e756b",
              "parentUUID": "dbf72df2-fa5b-4f71-95e1-43a9837f7dd2",
              "isHook": false,
              "skipped": false
            },
            {
              "title": "Should get tracking data",
              "fullTitle": "Tracker Should get tracking data",
              "timedOut": false,
              "duration": 17,
              "state": "passed",
              "speed": "fast",
              "pass": true,
              "fail": false,
              "pending": false,
              "context": null,
              "code": "try {\n  let response = await axios.get(serverUrl + '/trackers/data');\n  assert.typeOf(response.data, 'array');\n  response.data.forEach(tracker => {\n    assert.hasAllKeys(tracker, [\n      'url', 'time', 'loadingTime', 'statusCode'\n    ]);\n  });\n}\ncatch (e) {\n  throw new Error(e);\n}",
              "err": {},
              "uuid": "f51ecc90-117a-41bd-9959-1c7b5d06c474",
              "parentUUID": "dbf72df2-fa5b-4f71-95e1-43a9837f7dd2",
              "isHook": false,
              "skipped": false
            }
          ],
          "suites": [],
          "passes": [
            "d5dc3596-ea6d-419a-a962-61e05152a061",
            "dc8162fe-8b12-4245-bfa2-26e2c37e756b",
            "f51ecc90-117a-41bd-9959-1c7b5d06c474"
          ],
          "failures": [],
          "pending": [],
          "skipped": [],
          "duration": 75,
          "root": false,
          "rootEmpty": false,
          "_timeout": 2000
        }
      ],
      "passes": [],
      "failures": [],
      "pending": [],
      "skipped": [],
      "duration": 0,
      "root": true,
      "rootEmpty": true,
      "_timeout": 2000
    }
  ],
  "meta": {
    "mocha": {
      "version": "8.4.0"
    },
    "mochawesome": {
      "options": {
        "quiet": false,
        "reportFilename": "mochawesome",
        "saveHtml": true,
        "saveJson": true,
        "consoleReporter": "spec",
        "useInlineDiffs": false,
        "code": true
      },
      "version": "6.2.2"
    },
    "marge": {
      "options": null,
      "version": "5.2.0"
    }
  }
}