{
  "stats": {
    "suites": 2,
    "tests": 4,
    "passes": 4,
    "pending": 0,
    "failures": 0,
    "start": "2021-06-04T20:08:41.852Z",
    "end": "2021-06-04T20:08:42.024Z",
    "duration": 172,
    "testsRegistered": 4,
    "passPercent": 100,
    "pendingPercent": 0,
    "other": 0,
    "hasOther": false,
    "skipped": 0,
    "hasSkipped": false
  },
  "results": [
    {
      "uuid": "f703795d-fd47-4efc-9254-b1fbee05f115",
      "title": "",
      "fullFile": "",
      "file": "",
      "beforeHooks": [],
      "afterHooks": [],
      "tests": [],
      "suites": [
        {
          "uuid": "20898a94-d48e-46b3-a92a-2fd0a3b97884",
          "title": "User Group",
          "fullFile": "F:\\Apply\\Sensory Minds\\Lightweight Monitoring System\\tests\\mochaTests.js",
          "file": "\\mochaTests.js",
          "beforeHooks": [],
          "afterHooks": [],
          "tests": [
            {
              "title": "Should add a user group",
              "fullTitle": "User Group Should add a user group",
              "timedOut": false,
              "duration": 65,
              "state": "passed",
              "speed": "medium",
              "pass": true,
              "fail": false,
              "pending": false,
              "context": null,
              "code": "try {\n  let response = await axios.post(\n    serverUrl + '/userGroups',\n    {\n      \"name\": \"testUserGroupName\",\n      \"emails\": [\n        \"majid.yaghouti@gmail.com\"\n      ]\n    });\n  assert.deepEqual(response.data, {\n    \"message\": \"User group 'testUserGroupName' created.\"\n  });\n}\ncatch (e) {\n  throw new Error(e);\n}",
              "err": {},
              "uuid": "ae79b6e0-96f1-4fae-88e2-faa7cc0d2607",
              "parentUUID": "20898a94-d48e-46b3-a92a-2fd0a3b97884",
              "isHook": false,
              "skipped": false
            },
            {
              "title": "Should get user groups",
              "fullTitle": "User Group Should get user groups",
              "timedOut": false,
              "duration": 34,
              "state": "passed",
              "speed": "fast",
              "pass": true,
              "fail": false,
              "pending": false,
              "context": null,
              "code": "try {\n  let response = await axios.get(serverUrl + '/userGroups');\n  assert.typeOf(response.data.groups, 'array');\n  response.data.groups.forEach(group => {\n    assert.hasAllKeys(group, [\n      'name', 'emails'\n    ]);\n  });\n}\ncatch (e) {\n  throw new Error(e);\n}",
              "err": {},
              "uuid": "8073bcdf-04e5-4667-8336-8832bc6fd87a",
              "parentUUID": "20898a94-d48e-46b3-a92a-2fd0a3b97884",
              "isHook": false,
              "skipped": false
            }
          ],
          "suites": [],
          "passes": [
            "ae79b6e0-96f1-4fae-88e2-faa7cc0d2607",
            "8073bcdf-04e5-4667-8336-8832bc6fd87a"
          ],
          "failures": [],
          "pending": [],
          "skipped": [],
          "duration": 99,
          "root": false,
          "rootEmpty": false,
          "_timeout": 2000
        },
        {
          "uuid": "f72cd9ff-aa97-4df4-aaf2-d4f230631a91",
          "title": "Tracker",
          "fullFile": "F:\\Apply\\Sensory Minds\\Lightweight Monitoring System\\tests\\mochaTests.js",
          "file": "\\mochaTests.js",
          "beforeHooks": [],
          "afterHooks": [],
          "tests": [
            {
              "title": "Should add a tracker",
              "fullTitle": "Tracker Should add a tracker",
              "timedOut": false,
              "duration": 29,
              "state": "passed",
              "speed": "fast",
              "pass": true,
              "fail": false,
              "pending": false,
              "context": null,
              "code": "try {\n  let response = await axios.post(\n    serverUrl + '/trackers',\n    {\n      \"url\": \"https://www.google.com\",\n      \"interval\": 20,\n      \"loadingTimeThreshold\": 300,\n      \"userGroups\": [\n        \"testUserGroupName\"\n      ]\n    });\n  assert.deepEqual(response.data, {\n    \"message\": \"Tracker for URL: 'https://www.google.com' created.\"\n  });\n}\ncatch (e) {\n  throw new Error(e);\n}",
              "err": {},
              "uuid": "a31bb6fc-a917-4984-be2d-119cd3609c40",
              "parentUUID": "f72cd9ff-aa97-4df4-aaf2-d4f230631a91",
              "isHook": false,
              "skipped": false
            },
            {
              "title": "Should get trackers",
              "fullTitle": "Tracker Should get trackers",
              "timedOut": false,
              "duration": 14,
              "state": "passed",
              "speed": "fast",
              "pass": true,
              "fail": false,
              "pending": false,
              "context": null,
              "code": "try {\n  let response = await axios.get(serverUrl + '/trackers');\n  assert.typeOf(response.data.trackers, 'array');\n  response.data.trackers.forEach(tracker => {\n    assert.hasAllKeys(tracker, [\n      'url', 'interval', 'loadingTimeThreshold', 'userGroups'\n    ]);\n  });\n}\ncatch (e) {\n  throw new Error(e);\n}",
              "err": {},
              "uuid": "bc2a8157-5a10-47bd-a980-5a9954229a3f",
              "parentUUID": "f72cd9ff-aa97-4df4-aaf2-d4f230631a91",
              "isHook": false,
              "skipped": false
            }
          ],
          "suites": [],
          "passes": [
            "a31bb6fc-a917-4984-be2d-119cd3609c40",
            "bc2a8157-5a10-47bd-a980-5a9954229a3f"
          ],
          "failures": [],
          "pending": [],
          "skipped": [],
          "duration": 43,
          "root": false,
          "rootEmpty": false,
          "_timeout": 2000
        }
      ],
      "passes": [],
      "failures": [],
      "pending": [],
      "skipped": [],
      "duration": 0,
      "root": true,
      "rootEmpty": true,
      "_timeout": 2000
    }
  ],
  "meta": {
    "mocha": {
      "version": "8.4.0"
    },
    "mochawesome": {
      "options": {
        "quiet": false,
        "reportFilename": "mochawesome",
        "saveHtml": true,
        "saveJson": true,
        "consoleReporter": "spec",
        "useInlineDiffs": false,
        "code": true
      },
      "version": "6.2.2"
    },
    "marge": {
      "options": null,
      "version": "5.2.0"
    }
  }
}